** Angular Live Development Server is listening on 51.68.71.91:4300, open your browser on http://51.68.71.91:4300/ **

Date: 2018-11-09T08:44:35.088Z
Hash: 39d531d5b98df3b3d7b5
Time: 32053ms
chunk {accueil-ruche-rucher-nav-ruche-nav-ruche-module} accueil-ruche-rucher-nav-ruche-nav-ruche-module.js, accueil-ruche-rucher-nav-ruche-nav-ruche-module.js.map (accueil-ruche-rucher-nav-ruche-nav-ruche-module) 81.1 kB  [rendered]
chunk {main} main.js, main.js.map (main) 3.28 MB [initial] [rendered]
chunk {polyfills} polyfills.js, polyfills.js.map (polyfills) 411 kB [initial] [rendered]
chunk {runtime} runtime.js, runtime.js.map (runtime) 8.06 kB [entry] [rendered]
chunk {scripts} scripts.js, scripts.js.map (scripts) 2.19 MB  [rendered]
chunk {styles} styles.js, styles.js.map (styles) 28.1 kB [initial] [rendered]
chunk {vendor} vendor.js, vendor.js.map (vendor) 4.32 MB [initial] [rendered]
[34mℹ[39m [90m｢wdm｣[39m: Compiled successfully.
[34mℹ[39m [90m｢wdm｣[39m: Compiling...

Date: 2018-11-09T08:54:09.702Z - Hash: 14a08783cba970987bf1 - Time: 14851ms
6 unchanged chunks
chunk {main} main.js, main.js.map (main) 3.28 MB [initial] [rendered]
[34mℹ[39m [90m｢wdm｣[39m: Compiled successfully.
[34mℹ[39m [90m｢wdm｣[39m: Compiling...

Date: 2018-11-09T08:58:03.179Z - Hash: 14a08783cba970987bf1 - Time: 1050ms
7 unchanged chunks
[34mℹ[39m [90m｢wdm｣[39m: Compiled successfully.
[34mℹ[39m [90m｢wdm｣[39m: Compiling...
[34mℹ[39m [90m｢wdm｣[39m: wait until bundle finished: /main.js.map
[34mℹ[39m [90m｢wdm｣[39m: wait until bundle finished: /assets/img/sensor-icon.png
[34mℹ[39m [90m｢wdm｣[39m: wait until bundle finished: /assets/img/sidebar-5.jpg
[34mℹ[39m [90m｢wdm｣[39m: wait until bundle finished: /assets/imageClient/JHE.png

Date: 2018-11-09T08:58:08.448Z - Hash: 14a08783cba970987bf1 - Time: 410ms
7 unchanged chunks
[34mℹ[39m [90m｢wdm｣[39m: Compiled successfully.
[34mℹ[39m [90m｢wdm｣[39m: Compiling...

Date: 2018-11-09T09:42:15.912Z - Hash: 8b9767334aa1075842a3 - Time: 6645ms
6 unchanged chunks
chunk {main} main.js, main.js.map (main) 3.28 MB [initial] [rendered]
[34mℹ[39m [90m｢wdm｣[39m: Compiled successfully.
[34mℹ[39m [90m｢wdm｣[39m: Compiling...

Date: 2018-11-09T09:51:47.335Z - Hash: 534e2f9421883e657b66 - Time: 5139ms
6 unchanged chunks
chunk {main} main.js, main.js.map (main) 3.28 MB [initial] [rendered]
[34mℹ[39m [90m｢wdm｣[39m: Compiled successfully.
[34mℹ[39m [90m｢wdm｣[39m: Compiling...

Date: 2018-11-09T10:17:01.153Z - Hash: 314984e4e478035dc82a - Time: 5084ms
5 unchanged chunks
chunk {accueil-ruche-rucher-nav-ruche-nav-ruche-module} accueil-ruche-rucher-nav-ruche-nav-ruche-module.js, accueil-ruche-rucher-nav-ruche-nav-ruche-module.js.map (accueil-ruche-rucher-nav-ruche-nav-ruche-module) 81.1 kB  [rendered]
chunk {main} main.js, main.js.map (main) 3.28 MB [initial] [rendered]
[34mℹ[39m [90m｢wdm｣[39m: Compiled successfully.
[34mℹ[39m [90m｢wdm｣[39m: Compiling...

Date: 2018-11-09T10:38:48.326Z - Hash: 10d586acceb058a91d10 - Time: 4960ms
5 unchanged chunks
chunk {accueil-ruche-rucher-nav-ruche-nav-ruche-module} accueil-ruche-rucher-nav-ruche-nav-ruche-module.js, accueil-ruche-rucher-nav-ruche-nav-ruche-module.js.map (accueil-ruche-rucher-nav-ruche-nav-ruche-module) 81.6 kB  [rendered]
chunk {main} main.js, main.js.map (main) 3.28 MB [initial] [rendered]
[34mℹ[39m [90m｢wdm｣[39m: Compiled successfully.
[34mℹ[39m [90m｢wdm｣[39m: Compiling...
[34mℹ[39m [90m｢wdm｣[39m: wait until bundle finished: /vendor.js.map

Date: 2018-11-09T11:13:35.283Z - Hash: 23d967ad00ffdee28db8 - Time: 4439ms
6 unchanged chunks
chunk {main} main.js, main.js.map (main) 3.28 MB [initial] [rendered]
[34mℹ[39m [90m｢wdm｣[39m: Compiled successfully.
